Log file open, 09/25/16 20:15:45
LogInit:Display: Running engine for game: ProjectAuld
LogPlatformFile: Not using cached read wrapper
LogInit:Display: RandInit(1713992186) SRandInit(1713992186).
LogTaskGraph: Started task graph with 5 named threads and 6 total threads with 1 sets of task threads.
LogStats: Stats thread started at 0.050005
LogPluginManager: Loaded Plugin Paper2D, From E:/Unreal/Epic Games/4.13/Engine/Plugins/2D/Paper2D/Paper2D.uplugin
LogPluginManager: Loaded Plugin LightPropagationVolume, From E:/Unreal/Epic Games/4.13/Engine/Plugins/Blendables/LightPropagationVolume/LightPropagationVolume.uplugin
LogPluginManager: Loaded Plugin BlankPlugin, From E:/Unreal/Epic Games/4.13/Engine/Plugins/Developer/BlankPlugin/BlankPlugin.uplugin
LogPluginManager: Loaded Plugin CodeLiteSourceCodeAccess, From E:/Unreal/Epic Games/4.13/Engine/Plugins/Developer/CodeLiteSourceCodeAccess/CodeLiteSourceCodeAccess.uplugin
LogPluginManager: Loaded Plugin GitSourceControl, From E:/Unreal/Epic Games/4.13/Engine/Plugins/Developer/GitSourceControl/GitSourceControl.uplugin
LogPluginManager: Loaded Plugin KDevelopSourceCodeAccess, From E:/Unreal/Epic Games/4.13/Engine/Plugins/Developer/KDevelopSourceCodeAccess/KDevelopSourceCodeAccess.uplugin
LogPluginManager: Loaded Plugin NullSourceCodeAccess, From E:/Unreal/Epic Games/4.13/Engine/Plugins/Developer/NullSourceCodeAccess/NullSourceCodeAccess.uplugin
LogPluginManager: Loaded Plugin OneSkyLocalizationService, From E:/Unreal/Epic Games/4.13/Engine/Plugins/Developer/OneSkyLocalizationService/OneSkyLocalizationService.uplugin
LogPluginManager: Loaded Plugin PerforceSourceControl, From E:/Unreal/Epic Games/4.13/Engine/Plugins/Developer/PerforceSourceControl/PerforceSourceControl.uplugin
LogPluginManager: Loaded Plugin SubversionSourceControl, From E:/Unreal/Epic Games/4.13/Engine/Plugins/Developer/SubversionSourceControl/SubversionSourceControl.uplugin
LogPluginManager: Loaded Plugin UObjectPlugin, From E:/Unreal/Epic Games/4.13/Engine/Plugins/Developer/UObjectPlugin/UObjectPlugin.uplugin
LogPluginManager: Loaded Plugin VisualStudioSourceCodeAccess, From E:/Unreal/Epic Games/4.13/Engine/Plugins/Developer/VisualStudioSourceCodeAccess/VisualStudioSourceCodeAccess.uplugin
LogPluginManager: Loaded Plugin XCodeSourceCodeAccess, From E:/Unreal/Epic Games/4.13/Engine/Plugins/Developer/XCodeSourceCodeAccess/XCodeSourceCodeAccess.uplugin
LogPluginManager: Loaded Plugin EpicSurvey, From E:/Unreal/Epic Games/4.13/Engine/Plugins/Editor/EpicSurvey/EpicSurvey.uplugin
LogPluginManager: Loaded Plugin MacGraphicsSwitching, From E:/Unreal/Epic Games/4.13/Engine/Plugins/Editor/MacGraphicsSwitching/MacGraphicsSwitching.uplugin
LogPluginManager: Loaded Plugin MobileLauncherProfileWizard, From E:/Unreal/Epic Games/4.13/Engine/Plugins/Editor/MobileLauncherProfileWizard/MobileLauncherProfileWizard.uplugin
LogPluginManager: Loaded Plugin PluginBrowser, From E:/Unreal/Epic Games/4.13/Engine/Plugins/Editor/PluginBrowser/PluginBrowser.uplugin
LogPluginManager: Loaded Plugin SpeedTreeImporter, From E:/Unreal/Epic Games/4.13/Engine/Plugins/Editor/SpeedTreeImporter/SpeedTreeImporter.uplugin
LogPluginManager: Loaded Plugin SuperSearchEditor, From E:/Unreal/Epic Games/4.13/Engine/Plugins/Editor/SuperSearchEditor/SuperSearchEditor.uplugin
LogPluginManager: Loaded Plugin AlembicImporter, From E:/Unreal/Epic Games/4.13/Engine/Plugins/Experimental/AlembicImporter/AlembicImporter.uplugin
LogPluginManager: Loaded Plugin BlueprintStats, From E:/Unreal/Epic Games/4.13/Engine/Plugins/Experimental/BlueprintStats/BlueprintStats.uplugin
LogPluginManager: Loaded Plugin CharacterAI, From E:/Unreal/Epic Games/4.13/Engine/Plugins/Experimental/CharacterAI/CharacterAI.uplugin
LogPluginManager: Loaded Plugin CodeEditor, From E:/Unreal/Epic Games/4.13/Engine/Plugins/Experimental/CodeEditor/CodeEditor.uplugin
LogPluginManager: Loaded Plugin CodeView, From E:/Unreal/Epic Games/4.13/Engine/Plugins/Experimental/CodeView/CodeView.uplugin
LogPluginManager: Loaded Plugin HTML5Networking, From E:/Unreal/Epic Games/4.13/Engine/Plugins/Experimental/HTML5Networking/HTML5Networking.uplugin
LogPluginManager: Loaded Plugin LiveEditor, From E:/Unreal/Epic Games/4.13/Engine/Plugins/Experimental/LiveEditor/LiveEditor.uplugin
LogPluginManager: Loaded Plugin OSVR, From E:/Unreal/Epic Games/4.13/Engine/Plugins/Experimental/OSVR/OSVR.uplugin
LogPluginManager: Loaded Plugin Phya, From E:/Unreal/Epic Games/4.13/Engine/Plugins/Experimental/Phya/Phya.uplugin
LogPluginManager: Loaded Plugin SignificanceManager, From E:/Unreal/Epic Games/4.13/Engine/Plugins/Experimental/SignificanceManager/SignificanceManager.uplugin
LogPluginManager: Loaded Plugin SimpleHMD, From E:/Unreal/Epic Games/4.13/Engine/Plugins/Experimental/SimpleHMD/SimpleHMD.uplugin
LogPluginManager: Loaded Plugin StereoPanorama, From E:/Unreal/Epic Games/4.13/Engine/Plugins/Experimental/StereoPanorama/StereoPanorama.uplugin
LogPluginManager: Loaded Plugin StructBox, From E:/Unreal/Epic Games/4.13/Engine/Plugins/Experimental/StructBox/StructBox.uplugin
LogPluginManager: Loaded Plugin AndroidMedia, From E:/Unreal/Epic Games/4.13/Engine/Plugins/Media/AndroidMedia/AndroidMedia.uplugin
LogPluginManager: Loaded Plugin AvfMedia, From E:/Unreal/Epic Games/4.13/Engine/Plugins/Media/AvfMedia/AvfMedia.uplugin
LogPluginManager: Loaded Plugin MediaPlayerEditor, From E:/Unreal/Epic Games/4.13/Engine/Plugins/Media/MediaPlayerEditor/MediaPlayerEditor.uplugin
LogPluginManager: Loaded Plugin WmfMedia, From E:/Unreal/Epic Games/4.13/Engine/Plugins/Media/WmfMedia/WmfMedia.uplugin
LogPluginManager: Loaded Plugin MessagingDebugger, From E:/Unreal/Epic Games/4.13/Engine/Plugins/Messaging/MessagingDebugger/MessagingDebugger.uplugin
LogPluginManager: Loaded Plugin TcpMessaging, From E:/Unreal/Epic Games/4.13/Engine/Plugins/Messaging/TcpMessaging/TcpMessaging.uplugin
LogPluginManager: Loaded Plugin UdpMessaging, From E:/Unreal/Epic Games/4.13/Engine/Plugins/Messaging/UdpMessaging/UdpMessaging.uplugin
LogPluginManager: Loaded Plugin LevelSequenceEditor, From E:/Unreal/Epic Games/4.13/Engine/Plugins/MovieScene/LevelSequenceEditor/LevelSequenceEditor.uplugin
LogPluginManager: Loaded Plugin MatineeToLevelSequence, From E:/Unreal/Epic Games/4.13/Engine/Plugins/MovieScene/MatineeToLevelSequence/MatineeToLevelSequence.uplugin
LogPluginManager: Loaded Plugin NetcodeUnitTest, From E:/Unreal/Epic Games/4.13/Engine/Plugins/NetcodeUnitTest/NetcodeUnitTest/NetcodeUnitTest.uplugin
LogPluginManager: Loaded Plugin NUTUnrealEngine4, From E:/Unreal/Epic Games/4.13/Engine/Plugins/NetcodeUnitTest/NUTUnrealEngine4/NUTUnrealEngine4.uplugin
LogPluginManager: Loaded Plugin OnlineSubsystemGooglePlay, From E:/Unreal/Epic Games/4.13/Engine/Plugins/Online/Android/OnlineSubsystemGooglePlay/OnlineSubsystemGooglePlay.uplugin
LogPluginManager: Loaded Plugin OnlineSubsystemIOS, From E:/Unreal/Epic Games/4.13/Engine/Plugins/Online/IOS/OnlineSubsystemIOS/OnlineSubsystemIOS.uplugin
LogPluginManager: Loaded Plugin OnlineFramework, From E:/Unreal/Epic Games/4.13/Engine/Plugins/Online/OnlineFramework/OnlineFramework.uplugin
LogPluginManager: Loaded Plugin OnlineSubsystem, From E:/Unreal/Epic Games/4.13/Engine/Plugins/Online/OnlineSubsystem/OnlineSubsystem.uplugin
LogPluginManager: Loaded Plugin OnlineSubsystemAmazon, From E:/Unreal/Epic Games/4.13/Engine/Plugins/Online/OnlineSubsystemAmazon/OnlineSubsystemAmazon.uplugin
LogPluginManager: Loaded Plugin OnlineSubsystemFacebook, From E:/Unreal/Epic Games/4.13/Engine/Plugins/Online/OnlineSubsystemFacebook/OnlineSubsystemFacebook.uplugin
LogPluginManager: Loaded Plugin OnlineSubsystemNull, From E:/Unreal/Epic Games/4.13/Engine/Plugins/Online/OnlineSubsystemNull/OnlineSubsystemNull.uplugin
LogPluginManager: Loaded Plugin OnlineSubsystemOculus, From E:/Unreal/Epic Games/4.13/Engine/Plugins/Online/OnlineSubsystemOculus/OnlineSubsystemOculus.uplugin
LogPluginManager: Loaded Plugin OnlineSubsystemSteam, From E:/Unreal/Epic Games/4.13/Engine/Plugins/Online/OnlineSubsystemSteam/OnlineSubsystemSteam.uplugin
LogPluginManager: Loaded Plugin OnlineSubsystemUtils, From E:/Unreal/Epic Games/4.13/Engine/Plugins/Online/OnlineSubsystemUtils/OnlineSubsystemUtils.uplugin
LogPluginManager: Loaded Plugin IOSTapJoy, From E:/Unreal/Epic Games/4.13/Engine/Plugins/Runtime/Advertising/IOSTapJoy/IOSTapJoy.uplugin
LogPluginManager: Loaded Plugin AnalyticsBlueprintLibrary, From E:/Unreal/Epic Games/4.13/Engine/Plugins/Runtime/Analytics/AnalyticsBlueprintLibrary/AnalyticsBlueprintLibrary.uplugin
LogPluginManager: Loaded Plugin AnalyticsMulticast, From E:/Unreal/Epic Games/4.13/Engine/Plugins/Runtime/Analytics/AnalyticsMulticast/AnalyticsMulticast.uplugin
LogPluginManager: Loaded Plugin Apsalar, From E:/Unreal/Epic Games/4.13/Engine/Plugins/Runtime/Analytics/Apsalar/Apsalar.uplugin
LogPluginManager: Loaded Plugin FileLogging, From E:/Unreal/Epic Games/4.13/Engine/Plugins/Runtime/Analytics/FileLogging/FileLogging.uplugin
LogPluginManager: Loaded Plugin Flurry, From E:/Unreal/Epic Games/4.13/Engine/Plugins/Runtime/Analytics/Flurry/Flurry.uplugin
LogPluginManager: Loaded Plugin AndroidDeviceProfileSelector, From E:/Unreal/Epic Games/4.13/Engine/Plugins/Runtime/AndroidDeviceProfileSelector/AndroidDeviceProfileSelector.uplugin
LogPluginManager: Loaded Plugin AndroidMoviePlayer, From E:/Unreal/Epic Games/4.13/Engine/Plugins/Runtime/AndroidMoviePlayer/AndroidMoviePlayer.uplugin
LogPluginManager: Loaded Plugin AppleMoviePlayer, From E:/Unreal/Epic Games/4.13/Engine/Plugins/Runtime/AppleMoviePlayer/AppleMoviePlayer.uplugin
LogPluginManager: Loaded Plugin ArchVisCharacter, From E:/Unreal/Epic Games/4.13/Engine/Plugins/Runtime/ArchVisCharacter/ArchVisCharacter.uplugin
LogPluginManager: Loaded Plugin CableComponent, From E:/Unreal/Epic Games/4.13/Engine/Plugins/Runtime/CableComponent/CableComponent.uplugin
LogPluginManager: Loaded Plugin CustomMeshComponent, From E:/Unreal/Epic Games/4.13/Engine/Plugins/Runtime/CustomMeshComponent/CustomMeshComponent.uplugin
LogPluginManager: Loaded Plugin ExampleDeviceProfileSelector, From E:/Unreal/Epic Games/4.13/Engine/Plugins/Runtime/ExampleDeviceProfileSelector/ExampleDeviceProfileSelector.uplugin
LogPluginManager: Loaded Plugin GearVR, From E:/Unreal/Epic Games/4.13/Engine/Plugins/Runtime/GearVR/GearVR.uplugin
LogPluginManager: Loaded Plugin GoogleVRController, From E:/Unreal/Epic Games/4.13/Engine/Plugins/Runtime/GoogleVR/GoogleVRController/GoogleVRController.uplugin
LogPluginManager: Loaded Plugin GoogleVRHMD, From E:/Unreal/Epic Games/4.13/Engine/Plugins/Runtime/GoogleVR/GoogleVRHMD/GoogleVRHMD.uplugin
LogPluginManager: Loaded Plugin IOSDeviceProfileSelector, From E:/Unreal/Epic Games/4.13/Engine/Plugins/Runtime/IOSDeviceProfileSelector/IOSDeviceProfileSelector.uplugin
LogPluginManager: Loaded Plugin LeapMotion, From E:/Unreal/Epic Games/4.13/Engine/Plugins/Runtime/LeapMotion/LeapMotion.uplugin
LogPluginManager: Loaded Plugin LinuxDeviceProfileSelector, From E:/Unreal/Epic Games/4.13/Engine/Plugins/Runtime/LinuxDeviceProfileSelector/LinuxDeviceProfileSelector.uplugin
LogPluginManager: Loaded Plugin LiveEditorListenServer, From E:/Unreal/Epic Games/4.13/Engine/Plugins/Runtime/LiveEditorListenServer/LiveEditorListenServer.uplugin
LogPluginManager: Loaded Plugin OculusAudio, From E:/Unreal/Epic Games/4.13/Engine/Plugins/Runtime/OculusAudio/OculusAudio.uplugin
LogPluginManager: Loaded Plugin OculusInput, From E:/Unreal/Epic Games/4.13/Engine/Plugins/Runtime/OculusInput/OculusInput.uplugin
LogPluginManager: Loaded Plugin OculusLibrary, From E:/Unreal/Epic Games/4.13/Engine/Plugins/Runtime/OculusLibrary/OculusLibrary.uplugin
LogPluginManager: Loaded Plugin OculusRift, From E:/Unreal/Epic Games/4.13/Engine/Plugins/Runtime/OculusRift/OculusRift.uplugin
LogPluginManager: Loaded Plugin Oodle, From E:/Unreal/Epic Games/4.13/Engine/Plugins/Runtime/PacketHandlers/CompressionComponents/Oodle/Oodle.uplugin
LogPluginManager: Loaded Plugin ProceduralMeshComponent, From E:/Unreal/Epic Games/4.13/Engine/Plugins/Runtime/ProceduralMeshComponent/ProceduralMeshComponent.uplugin
LogPluginManager: Loaded Plugin SoundMod, From E:/Unreal/Epic Games/4.13/Engine/Plugins/Runtime/SoundMod/SoundMod.uplugin
LogPluginManager: Loaded Plugin SoundVisualizations, From E:/Unreal/Epic Games/4.13/Engine/Plugins/Runtime/SoundVisualizations/SoundVisualizations.uplugin
LogPluginManager: Loaded Plugin SteamController, From E:/Unreal/Epic Games/4.13/Engine/Plugins/Runtime/Steam/SteamController/SteamController.uplugin
LogPluginManager: Loaded Plugin SteamVR, From E:/Unreal/Epic Games/4.13/Engine/Plugins/Runtime/Steam/SteamVR/SteamVR.uplugin
LogPluginManager: Loaded Plugin WebBrowserWidget, From E:/Unreal/Epic Games/4.13/Engine/Plugins/Runtime/WebBrowserWidget/WebBrowserWidget.uplugin
LogPluginManager: Loaded Plugin WindowsDeviceProfileSelector, From E:/Unreal/Epic Games/4.13/Engine/Plugins/Runtime/WindowsDeviceProfileSelector/WindowsDeviceProfileSelector.uplugin
LogPluginManager: Loaded Plugin WindowsMoviePlayer, From E:/Unreal/Epic Games/4.13/Engine/Plugins/Runtime/WindowsMoviePlayer/WindowsMoviePlayer.uplugin
LogPluginManager: Loaded Plugin ScriptPlugin, From E:/Unreal/Epic Games/4.13/Engine/Plugins/ScriptPlugin/ScriptPlugin.uplugin
LogPluginManager: Loaded Plugin SlateRemote, From E:/Unreal/Epic Games/4.13/Engine/Plugins/Slate/SlateRemote/SlateRemote.uplugin
LogInit: Using libcurl 7.47.1
LogInit:  - built for x86_64-pc-win32
LogInit:  - supports SSL with WinSSL
LogInit:  - other features:
LogInit:      CURL_VERSION_SSL
LogInit:      CURL_VERSION_IPV6
LogInit:      CURL_VERSION_ASYNCHDNS
LogInit:      CURL_VERSION_LARGEFILE
LogInit:      CURL_VERSION_IDN
LogInit:  CurlRequestOptions (configurable via config and command line):
LogInit:  - bVerifyPeer = false  - Libcurl will NOT verify peer certificate
LogInit:  - bUseHttpProxy = false  - Libcurl will NOT use HTTP proxy
LogInit:  - bDontReuseConnections = false  - Libcurl will reuse connections
LogInit:  - CertBundlePath = nullptr  - Libcurl will use whatever was configured at build time.
LogInit: Build: ++UE4+Release-4.13-CL-3106830
LogInit: Engine Version: 4.13.0-3106830+++UE4+Release-4.13
LogInit: Compatible Engine Version: 4.13.0-3106830+++UE4+Release-4.13
LogInit: Net CL: 3106830
LogDevObjectVersion: Number of dev versions registered: 13
LogDevObjectVersion:   Dev-Blueprints (B0D832E4-1F89-4F0D-ACCF-7EB736FD4AA2): 5
LogDevObjectVersion:   Dev-Build (E1C64328-A22C-4D53-A36C-8E866417BD8C): 0
LogDevObjectVersion:   Dev-Core (375EC13C-06E4-48FB-B500-84F0262A717E): 1
LogDevObjectVersion:   Dev-Editor (E4B068ED-F494-42E9-A231-DA0B2E46BB41): 6
LogDevObjectVersion:   Dev-Framework (CFFC743F-43B0-4480-9391-14DF171D2073): 12
LogDevObjectVersion:   Dev-Mobile (B02B49B5-BB20-44E9-A304-32B752E40360): 0
LogDevObjectVersion:   Dev-Networking (A4E4105C-59A1-49B5-A7C5-40C4547EDFEE): 0
LogDevObjectVersion:   Dev-Online (39C831C9-5AE6-47DC-9A44-9C173E1C8E7C): 0
LogDevObjectVersion:   Dev-Physics (78F01B33-EBEA-4F98-B9B4-84EACCB95AA2): 0
LogDevObjectVersion:   Dev-Platform (6631380F-2D4D-43E0-8009-CF276956A95A): 0
LogDevObjectVersion:   Dev-Rendering (12F88B9F-8875-4AFC-A67C-D90C383ABD29): 4
LogDevObjectVersion:   Dev-Sequencer (7B5AE74C-D270-4C10-A958-57980B212A5A): 0
LogDevObjectVersion:   Dev-VR (D7296918-1DD6-4BDD-9DE2-64A83CC13884): 0
LogInit: Compiled (64-bit): Aug 30 2016 18:11:39
LogInit: Compiled with Visual C++: 19.00.23026.00
LogInit: Build Configuration: Development
LogInit: Branch Name: ++UE4+Release-4.13
LogInit: Command line: -EpicPortal 
LogInit: Base directory: E:/Unreal/Epic Games/4.13/Engine/Binaries/Win64/
LogInit: Installed Engine Build: 1
LogInit: Presizing for max 8388607 objects, including 0 objects not considered by GC, pre-allocating 0 bytes for permanent pool.
LogInit: Object subsystem initialized
[2016.09.25-19.15.46:168][  0]LogInit: Selected Device Profile: [Windows]
[2016.09.25-19.15.46:168][  0]LogInit: Applying CVar settings loaded from the selected device profile: [Windows]
[2016.09.25-19.15.46:190][  0]LogInit: Computer: THESATANATOR
[2016.09.25-19.15.46:190][  0]LogInit: User: Ryan
[2016.09.25-19.15.46:190][  0]LogInit: CPU Page size=65536, Cores=2
[2016.09.25-19.15.46:190][  0]LogInit: High frequency timer resolution =3.125012 MHz
[2016.09.25-19.15.46:191][  0]LogMemory: Memory total: Physical=20.0GB (20GB approx)
[2016.09.25-19.15.46:191][  0]LogMemory: Platform Memory Stats for Windows
[2016.09.25-19.15.46:191][  0]LogMemory: Process Physical Memory: 253.60 MB used, 253.60 MB peak
[2016.09.25-19.15.46:191][  0]LogMemory: Process Virtual Memory: 259.37 MB used, 259.37 MB peak
[2016.09.25-19.15.46:191][  0]LogMemory: Physical Memory: 8933.74 MB used, 20431.84 MB total
[2016.09.25-19.15.46:191][  0]LogMemory: Virtual Memory: 598.76 MB used, 134217728.00 MB total
[2016.09.25-19.15.46:225][  0]LogTextLocalizationManager: No specific translations for ('en-GB') exist, so ('en') translations will be used.
[2016.09.25-19.15.47:007][  0]LogD3D11RHI: D3D11 adapters:
[2016.09.25-19.15.47:042][  0]LogD3D11RHI:    0. 'NVIDIA GeForce GTX 750 Ti' (Feature Level 11_0)
[2016.09.25-19.15.47:042][  0]LogD3D11RHI:       1988/0/2048 MB DedicatedVideo/DedicatedSystem/SharedSystem, Outputs:1, VendorId:0x10de
[2016.09.25-19.15.47:043][  0]LogD3D11RHI:    1. 'Microsoft Basic Render Driver' (Feature Level 11_0)
[2016.09.25-19.15.47:043][  0]LogD3D11RHI:       0/0/256 MB DedicatedVideo/DedicatedSystem/SharedSystem, Outputs:0, VendorId:0x1414
[2016.09.25-19.15.47:043][  0]LogD3D11RHI: Chosen D3D11 Adapter: 0
[2016.09.25-19.15.47:053][  0]LogD3D11RHI: Creating new Direct3DDevice
[2016.09.25-19.15.47:053][  0]LogD3D11RHI:     GPU DeviceId: 0x1380 (for the marketing name, search the web for "GPU Device Id")
[2016.09.25-19.15.47:053][  0]LogWindows: EnumDisplayDevices:
[2016.09.25-19.15.47:053][  0]LogWindows:    0. 'NVIDIA GeForce GTX 750 Ti' (P:1 D:1)
[2016.09.25-19.15.47:053][  0]LogWindows:    1. 'NVIDIA GeForce GTX 750 Ti' (P:0 D:0)
[2016.09.25-19.15.47:053][  0]LogWindows:    2. 'NVIDIA GeForce GTX 750 Ti' (P:0 D:0)
[2016.09.25-19.15.47:053][  0]LogWindows:    3. 'NVIDIA GeForce GTX 750 Ti' (P:0 D:0)
[2016.09.25-19.15.47:053][  0]LogWindows: DebugString: FoundDriverCount:4 
[2016.09.25-19.15.47:053][  0]LogD3D11RHI:     Adapter Name: NVIDIA GeForce GTX 750 Ti
[2016.09.25-19.15.47:053][  0]LogD3D11RHI:   Driver Version: 365.10 (internal:10.18.13.6510, unified:365.10)
[2016.09.25-19.15.47:053][  0]LogD3D11RHI:      Driver Date: 4-27-2016
[2016.09.25-19.15.47:053][  0]LogRHI: Texture pool is 1361 MB (70% of 1945 MB)
[2016.09.25-19.15.47:064][  0]LogD3D11RHI: Async texture creation enabled
[2016.09.25-19.15.47:081][  0]LogD3D11RHI: GPU Timing Frequency: 1000.000000 (Debug: 2 2)
[2016.09.25-19.15.47:081][  0]LogShaderCompilers: Guid format shader working directory is -14 characters bigger than the processId version (../../../../../../Unreal projects/Project Auld/ProjectAuld/Intermediate/Shaders/WorkingDirectory/47572/).
[2016.09.25-19.15.47:081][  0]LogShaderCompilers: Cleaned the shader compiler working directory 'C:/Users/Ryan/AppData/Local/Temp/UnrealShaderWorkingDir/3AC5F9394853E8C89EB7E4907CB663D1/'.
[2016.09.25-19.15.47:081][  0]LogShaderCompilers:Display: Using Local Shader Compiler.
[2016.09.25-19.15.48:465][  0]LogTemp:Display: Loaded TP AllDesktopTargetPlatform
[2016.09.25-19.15.48:473][  0]LogTemp:Display: Loaded TP WindowsClientTargetPlatform
[2016.09.25-19.15.48:481][  0]LogTemp:Display: Loaded TP WindowsNoEditorTargetPlatform
[2016.09.25-19.15.48:489][  0]LogTemp:Display: Loaded TP WindowsServerTargetPlatform
[2016.09.25-19.15.48:498][  0]LogTemp:Display: Loaded TP WindowsTargetPlatform
[2016.09.25-19.15.48:510][  0]LogTemp:Display: Loaded TP AndroidTargetPlatform
[2016.09.25-19.15.48:519][  0]LogTemp:Display: Loaded TP Android_ASTCTargetPlatform
[2016.09.25-19.15.48:528][  0]LogTemp:Display: Loaded TP Android_ATCTargetPlatform
[2016.09.25-19.15.48:537][  0]LogTemp:Display: Loaded TP Android_DXTTargetPlatform
[2016.09.25-19.15.48:546][  0]LogTemp:Display: Loaded TP Android_ETC1TargetPlatform
[2016.09.25-19.15.48:554][  0]LogTemp:Display: Loaded TP Android_ETC2TargetPlatform
[2016.09.25-19.15.48:575][  0]LogTemp:Display: Loaded TP Android_MultiTargetPlatform
[2016.09.25-19.15.48:575][  0]LogTemp:Display: Loaded TP Android_PVRTCTargetPlatform
[2016.09.25-19.15.48:576][  0]LogTemp:Display: Loaded TP HTML5TargetPlatform
[2016.09.25-19.15.48:596][  0]LogTemp:Display: Loaded TP IOSTargetPlatform
[2016.09.25-19.15.48:607][  0]LogTemp:Display: Loaded TP TVOSTargetPlatform
[2016.09.25-19.15.48:615][  0]LogTemp:Display: Loaded TP LinuxClientTargetPlatform
[2016.09.25-19.15.48:622][  0]LogTemp:Display: Loaded TP LinuxNoEditorTargetPlatform
[2016.09.25-19.15.48:631][  0]LogTemp:Display: Loaded TP LinuxServerTargetPlatform
[2016.09.25-19.15.48:642][  0]LogTemp:Display: Loaded TP LinuxTargetPlatform
[2016.09.25-19.15.48:642][  0]LogTargetPlatformManager:Display: Building Assets For Windows
[2016.09.25-19.15.48:706][  0]LogDerivedDataCache:Display: Max Cache Size: 512 MB
[2016.09.25-19.15.48:797][  0]LogDerivedDataCache: Loaded boot cache 0.09s 74MB C:/Users/Ryan/AppData/Local/UnrealEngine/4.13/DerivedDataCache/Boot.ddc.
[2016.09.25-19.15.48:797][  0]LogDerivedDataCache:Display: Loaded Boot cache: C:/Users/Ryan/AppData/Local/UnrealEngine/4.13/DerivedDataCache/Boot.ddc
[2016.09.25-19.15.48:797][  0]LogDerivedDataCache: FDerivedDataBackendGraph:  Pak pak cache file ../../../../../../Unreal projects/Project Auld/ProjectAuld/DerivedDataCache/DDC.ddp not found, will not use a pak cache.
[2016.09.25-19.15.48:797][  0]LogDerivedDataCache: Unable to find inner node Pak for hierarchical cache Hierarchy.
[2016.09.25-19.15.48:797][  0]LogDerivedDataCache: FDerivedDataBackendGraph:  CompressedPak pak cache file ../../../../../../Unreal projects/Project Auld/ProjectAuld/DerivedDataCache/Compressed.ddp not found, will not use a pak cache.
[2016.09.25-19.15.48:797][  0]LogDerivedDataCache: Unable to find inner node CompressedPak for hierarchical cache Hierarchy.
[2016.09.25-19.15.48:821][  0]LogDerivedDataCache:Display: Pak cache opened for reading ../../../Engine/DerivedDataCache/Compressed.ddp.
[2016.09.25-19.15.48:834][  0]LogDerivedDataCache: Using Local data cache path C:/Users/Ryan/AppData/Local/UnrealEngine/Common/DerivedDataCache: Writable
[2016.09.25-19.15.49:029][  0]LogInit: Selected Device Profile: [Windows]
[2016.09.25-19.15.49:030][  0]LogContentStreaming: Texture pool size is 0.00 MB
[2016.09.25-19.15.49:124][  0]LogMeshUtilities: No automatic mesh reduction module available
[2016.09.25-19.15.49:124][  0]LogMeshUtilities: No automatic mesh merging module available
[2016.09.25-19.15.49:124][  0]LogMeshUtilities: No distributed automatic mesh merging module available
[2016.09.25-19.15.49:197][  0]LogMaterial: Uniform references updated for custom material expression Custom.
[2016.09.25-19.15.49:530][  0]LogNetVersion: GetLocalNetworkVersion: CL: 3106830, ProjectName: projectauld, ProjectVersion: , EngineNetworkVersion: 1, GameNetworkVersion: 0, NetworkChecksum: 1108441123
[2016.09.25-19.15.49:567][  0]LogAssetRegistry: FAssetRegistry took 0.0225 seconds to start up
[2016.09.25-19.15.49:590][  0]LogPackageLocalizationCache: Processed 3 localized package path(s) for 2 prioritized culture(s) in 0.016952 seconds
[2016.09.25-19.15.49:596][  0]LogUObjectArray: 29777 objects as part of root set at end of initial load.
[2016.09.25-19.15.49:596][  0]LogUObjectAllocator: 6124696 out of 0 bytes used by permanent object pool.
[2016.09.25-19.15.49:596][  0]LogUObjectArray: CloseDisregardForGC: 0/0 objects in disregard for GC pool
[2016.09.25-19.15.49:606][  0]LogInit: WinSock: version 1.1 (2.2), MaxSocks=32767, MaxUdp=65467
[2016.09.25-19.15.49:858][  0]LogSlate: SlateFontCache - WITH_FREETYPE: 1, WITH_HARFBUZZ: 1
[2016.09.25-19.15.49:858][  0]LogSlate: SlateFontCache - WITH_FREETYPE: 1, WITH_HARFBUZZ: 1
[2016.09.25-19.15.50:663][  0]LogUdpMessaging: Initializing bridge on interface 0.0.0.0:0 to multicast group 230.0.0.1:6666.
[2016.09.25-19.15.50:905][  0]SourceControl: Info Source control is disabled
[2016.09.25-19.15.50:905][  0]SourceControl: Info Source control is disabled
[2016.09.25-19.15.50:913][  0]SourceControl: Info Source control is disabled
[2016.09.25-19.15.50:918][  0]SourceControl: Info Source control is disabled
[2016.09.25-19.15.51:151][  0]LogEngine: Initializing Engine...
[2016.09.25-19.15.51:151][  0]LogHMD: Failed to initialize OpenVR with code 110
[2016.09.25-19.15.51:294][  0]LogAIModule: Creating AISystem for world Untitled
[2016.09.25-19.15.51:301][  0]LogInit: XAudio2 using 'Speakers (Realtek High Definition Audio)' : 2 channels at 48 kHz using 32 bits per sample (channel mask 0x3)
[2016.09.25-19.15.51:326][  0]LogInit: FAudioDevice initialized.
[2016.09.25-19.15.51:606][  0]LogDerivedDataCache: Saved boot cache 0.28s 74MB C:/Users/Ryan/AppData/Local/UnrealEngine/4.13/DerivedDataCache/Boot.ddc.
[2016.09.25-19.15.51:612][  0]LogInit: Texture streaming: Enabled
[2016.09.25-19.15.51:682][  0]LogInit: Transaction tracking system initialized
[2016.09.25-19.15.51:698][  0]BlueprintLog: New page: Editor Load
[2016.09.25-19.15.51:777][  0]LocalizationService: Info Localization service is disabled
[2016.09.25-19.15.51:886][  0]LogConsoleResponse:Display: 
[2016.09.25-19.15.52:026][  0]LogCook:Display: Max memory allowance for cook 16384mb min free memory 0mb
[2016.09.25-19.15.52:026][  0]LogCook:Display: Mobile HDR setting 1
[2016.09.25-19.15.52:193][  0]LogFileCache: Scanning file cache for directory 'E:/Unreal projects/Project Auld/ProjectAuld/Content/' took 0.01s
[2016.09.25-19.15.52:193][  0]SourceControl: Info Source control is disabled
[2016.09.25-19.15.52:193][  0]Cmd: MAP LOAD FILE="../../../../../../Unreal projects/Project Auld/ProjectAuld/Content/StarterContent/Maps/Minimal_Default.umap" TEMPLATE=0 SHOWPROGRESS=1 FEATURELEVEL=3
[2016.09.25-19.15.52:195][  0]LightingResults: New page: Lighting Build
[2016.09.25-19.15.52:197][  0]MapCheck: New page: Map Check
[2016.09.25-19.15.52:197][  0]LightingResults: New page: Lighting Build
[2016.09.25-19.15.53:426][  0]LogTexture:Display: Building textures: HQ_Lightmap1_1 (AutoDXT)
[2016.09.25-19.15.53:551][  0]LogTexture:Display: Building textures: HQ_Lightmap1_2 (AutoDXT)
[2016.09.25-19.15.53:566][  0]LogTexture:Display: Building textures: LQ_Lightmap_1_1 (DXT1)
[2016.09.25-19.15.53:633][  0]LogTexture:Display: Building textures: LQ_Lightmap_1_2 (DXT1)
[2016.09.25-19.15.53:644][  0]LogTexture:Display: Building textures: ShadowMapTexture2D_2 (BGRA8)
[2016.09.25-19.15.53:651][  0]LogTexture:Display: Building textures: ShadowMapTexture2D_3 (BGRA8)
[2016.09.25-19.15.54:069][  0]LogTexture:Display: Building textures: T_TableRound_N (BC5)
[2016.09.25-19.15.54:916][  0]LogTexture:Display: Building textures: T_TableRound_M (DXT1)
[2016.09.25-19.15.55:880][  0]LogTexture:Display: Building textures: T_Statue_N (BC5)
[2016.09.25-19.15.56:210][  0]LogTexture:Display: Building textures: T_Statue_M (AutoDXT)
[2016.09.25-19.15.57:203][  0]LogTexture:Display: Building textures: T_Chair_N (BC5)
[2016.09.25-19.15.57:910][  0]LogTexture:Display: Building textures: T_Chair_M (AutoDXT)
[2016.09.25-19.15.59:869][  0]LogTexture:Display: Building textures: T_Metal_Copper_D (AutoDXT)
[2016.09.25-19.16.08:899][  0]LogTexture:Display: Building textures: T_Metal_Gold_N (BC5)
[2016.09.25-19.16.10:557][  0]LogTexture:Display: Building textures: T_Metal_Aluminum_D (AutoDXT)
[2016.09.25-19.16.21:967][  0]LogTexture:Display: Building textures: T_MacroVariation (AutoDXT)
[2016.09.25-19.16.33:341][  0]LogAIModule: Creating AISystem for world Minimal_Default
[2016.09.25-19.16.33:475][  0]LogTexture:Display: Building textures: S_AudioComponent_AutoActivate (BGRA8)
[2016.09.25-19.16.33:489][  0]LogEditorServer: Finished looking for orphan Actors (0.000 secs)
[2016.09.25-19.16.33:504][  0]Cmd: MAP CHECKDEP NOCLEARLOG
[2016.09.25-19.16.33:558][  0]MapCheck: Info Map check complete: 0 Error(s), 0 Warning(s), took 54.629ms to complete.
[2016.09.25-19.16.33:558][  0]LogFileHelpers: Loading map 'Minimal_Default' took 41.365
[2016.09.25-19.16.34:500][  0]LogCollectionManager: Loaded 0 collections in 0.000635 seconds
[2016.09.25-19.16.35:036][  0]LogFileCache: Scanning file cache for directory 'E:/Unreal projects/Project Auld/ProjectAuld/Saved/Collections/' took 0.01s
[2016.09.25-19.16.35:036][  0]LogFileCache: Scanning file cache for directory 'E:/Unreal projects/Project Auld/ProjectAuld/Content/Developers/Ryan/Collections/' took 0.01s
[2016.09.25-19.16.35:036][  0]LogFileCache: Scanning file cache for directory 'E:/Unreal projects/Project Auld/ProjectAuld/Content/Collections/' took 0.01s
[2016.09.25-19.16.35:036][  0]LogCollectionManager: Rebuilt the GUID cache for 0 collections in 0.000003 seconds
[2016.09.25-19.16.35:074][  0]LogContentBrowser: Native class hierarchy populated in 0.0365 seconds. Added 2141 classes and 415 folders.
[2016.09.25-19.16.35:132][  0]LogStats: UGameplayTagsManager::ConstructGameplayTagTree: Construct from data asset -  0.000 s
[2016.09.25-19.16.35:132][  0]LogStats: UGameplayTagsManager::ConstructGameplayTagTree: GameplayTagTreeChangedEvent.Broadcast -  0.000 s
[2016.09.25-19.16.35:133][  0]LogContentBrowser: Native class hierarchy updated for 'GameplayTags' in 0.0005 seconds. Added 12 classes and 0 folders.
[2016.09.25-19.16.35:148][  0]LogContentBrowser: Native class hierarchy updated for 'WidgetCarousel' in 0.0005 seconds. Added 0 classes and 0 folders.
[2016.09.25-19.16.35:328][  0]LogContentBrowser: Native class hierarchy updated for 'AddContentDialog' in 0.0005 seconds. Added 0 classes and 0 folders.
[2016.09.25-19.16.35:424][  0]LogContentBrowser: Native class hierarchy updated for 'SceneOutliner' in 0.0005 seconds. Added 1 classes and 2 folders.
[2016.09.25-19.16.35:849][  0]LogCrashTracker: Crashtracker disabled due to settings.
[2016.09.25-19.16.35:971][  0]LogWindowsTextInputMethodSystem:Display: IME system now deactivated.
[2016.09.25-19.16.36:006][  0]LogTexture:Display: Building textures: icon_Editor_Preferences_General_40x (BGRA8)
[2016.09.25-19.16.36:009][  0]LogTexture:Display: Building textures: Paper2DSprite_TutorialIcon (BGRA8)
[2016.09.25-19.16.36:010][  0]LogTexture:Display: Building textures: icon_ShowSkeletalMeshes_40x (BGRA8)
[2016.09.25-19.16.36:157][  0]LogContentBrowser: Native class hierarchy updated for 'HierarchicalLODOutliner' in 0.0005 seconds. Added 1 classes and 2 folders.
[2016.09.25-19.16.36:157][  0]LogLoad: (Engine Initialization) Total time: 50.82 seconds
[2016.09.25-19.16.36:157][  0]LogLoad: (Engine Initialization) Total Blueprint compile time: 0.06 seconds
[2016.09.25-19.16.36:157][  0]LogExternalProfiler: No external profilers were discovered.  External profiling features will not be available.
[2016.09.25-19.16.36:169][  0]LogOcInput: OculusInput pre-init called
[2016.09.25-19.16.36:291][  0]LogContentStreaming: Texture pool size now 1000 MB
[2016.09.25-19.16.36:367][  0]LogTexture:Display: Building textures: icon_tab_Levels_40x (BGRA8)
[2016.09.25-19.16.36:670][  0]LogRenderer: Reallocating scene render targets to support 1056x556 (Frame:2).
[2016.09.25-19.16.37:062][  1]LogAssetRegistry: Asset discovery search completed in 47.5179 seconds
[2016.09.25-19.16.37:062][  1]LogCollectionManager: Rebuilt the object cache for 0 collections in 0.000001 seconds (found 0 objects)
[2016.09.25-19.16.37:062][  1]LogCollectionManager: Fixed up redirectors for 0 collections in 0.000022 seconds (updated 0 objects)
[2016.09.25-19.16.40:903][197]LogWindowsTextInputMethodSystem:Display: IME system now deactivated.
[2016.09.25-19.16.41:410][198]Cmd: QUIT_EDITOR
[2016.09.25-19.16.41:771][198]LogExit: Preparing to exit.
[2016.09.25-19.16.42:827][198]LogDirectoryWatcher: A directory notification for 'E:/Unreal projects/Project Auld/ProjectAuld/Content/' was aborted.
[2016.09.25-19.16.42:895][198]LogExit: Editor shut down
[2016.09.25-19.16.42:896][198]LogExit: Transaction tracking system shut down
[2016.09.25-19.16.43:489][198]LogObj: Freed 0b from 0 cluster array pools.
[2016.09.25-19.16.43:489][198]LogExit: Object subsystem successfully closed.
[2016.09.25-19.16.43:529][198]LogD3D11RHI: Shutdown
[2016.09.25-19.16.43:529][198]LogD3D11RHI: CleanupD3DDevice
[2016.09.25-19.16.44:160][198]LogD3D11RHI: ~FD3D11DynamicRHI
[2016.09.25-19.16.44:196][198]LogModuleManager: Shutting down and abandoning module HierarchicalLODOutliner (233)
[2016.09.25-19.16.44:196][198]LogModuleManager: Shutting down and abandoning module CrashTracker (232)
[2016.09.25-19.16.44:196][198]LogModuleManager: Shutting down and abandoning module SceneOutliner (231)
[2016.09.25-19.16.44:196][198]LogModuleManager: Shutting down and abandoning module WidgetCarousel (230)
[2016.09.25-19.16.44:196][198]LogModuleManager: Shutting down and abandoning module AddContentDialog (229)
[2016.09.25-19.16.44:196][198]LogDirectoryWatcher: A directory notification for 'E:/Unreal/Epic Games/4.13/FeaturePacks/' was aborted.
[2016.09.25-19.16.44:196][198]LogModuleManager: Shutting down and abandoning module GameplayTags (228)
[2016.09.25-19.16.44:196][198]LogModuleManager: Shutting down and abandoning module EditorWidgets (227)
[2016.09.25-19.16.44:196][198]LogModuleManager: Shutting down and abandoning module CollectionManager (226)
[2016.09.25-19.16.44:198][198]LogDirectoryWatcher: A directory notification for 'E:/Unreal projects/Project Auld/ProjectAuld/Content/Collections/' was aborted.
[2016.09.25-19.16.44:198][198]LogDirectoryWatcher: A directory notification for 'E:/Unreal projects/Project Auld/ProjectAuld/Content/Developers/Ryan/Collections/' was aborted.
[2016.09.25-19.16.44:198][198]LogDirectoryWatcher: A directory notification for 'E:/Unreal projects/Project Auld/ProjectAuld/Saved/Collections/' was aborted.
[2016.09.25-19.16.44:198][198]LogModuleManager: Shutting down and abandoning module StatsViewer (225)
[2016.09.25-19.16.44:198][198]LogModuleManager: Shutting down and abandoning module FoliageEdit (224)
[2016.09.25-19.16.44:198][198]LogModuleManager: Shutting down and abandoning module LandscapeEditor (223)
[2016.09.25-19.16.44:198][198]LogModuleManager: Shutting down and abandoning module SceneDepthPickerMode (222)
[2016.09.25-19.16.44:198][198]LogModuleManager: Shutting down and abandoning module ActorPickerMode (221)
[2016.09.25-19.16.44:198][198]LogModuleManager: Shutting down and abandoning module GeometryMode (220)
[2016.09.25-19.16.44:198][198]LogModuleManager: Shutting down and abandoning module TextureAlignMode (219)
[2016.09.25-19.16.44:198][198]LogModuleManager: Shutting down and abandoning module BspMode (218)
[2016.09.25-19.16.44:198][198]LogModuleManager: Shutting down and abandoning module HardwareSurvey (217)
[2016.09.25-19.16.44:198][198]LogModuleManager: Shutting down and abandoning module SequenceRecorderSections (216)
[2016.09.25-19.16.44:198][198]LogModuleManager: Shutting down and abandoning module SequenceRecorder (215)
[2016.09.25-19.16.44:198][198]LogModuleManager: Shutting down and abandoning module AutomationWorker (214)
[2016.09.25-19.16.44:198][198]LogModuleManager: Shutting down and abandoning module MatineeToLevelSequence (213)
[2016.09.25-19.16.44:198][198]LogModuleManager: Shutting down and abandoning module PlacementMode (212)
[2016.09.25-19.16.44:198][198]LogModuleManager: Shutting down and abandoning module LevelSequenceEditor (211)
[2016.09.25-19.16.44:198][198]LogModuleManager: Shutting down and abandoning module WmfMediaFactory (210)
[2016.09.25-19.16.44:198][198]LogModuleManager: Shutting down and abandoning module WmfMediaEditor (209)
[2016.09.25-19.16.44:198][198]LogModuleManager: Shutting down and abandoning module AvfMediaFactory (208)
[2016.09.25-19.16.44:198][198]LogModuleManager: Shutting down and abandoning module AvfMediaEditor (207)
[2016.09.25-19.16.44:198][198]LogModuleManager: Shutting down and abandoning module Media (206)
[2016.09.25-19.16.44:198][198]LogModuleManager: Shutting down and abandoning module AndroidMediaFactory (205)
[2016.09.25-19.16.44:198][198]LogModuleManager: Shutting down and abandoning module AndroidMediaEditor (204)
[2016.09.25-19.16.44:198][198]LogModuleManager: Shutting down and abandoning module CharacterAI (203)
[2016.09.25-19.16.44:198][198]LogModuleManager: Shutting down and abandoning module SmartSnapping (202)
[2016.09.25-19.16.44:198][198]LogModuleManager: Shutting down and abandoning module SessionServices (201)
[2016.09.25-19.16.44:198][198]LogModuleManager: Shutting down and abandoning module ViewportSnapping (200)
[2016.09.25-19.16.44:198][198]LogModuleManager: Shutting down and abandoning module ViewportInteraction (199)
[2016.09.25-19.16.44:198][198]LogModuleManager: Shutting down and abandoning module LogVisualizer (198)
[2016.09.25-19.16.44:198][198]LogModuleManager: Shutting down and abandoning module GameProjectGeneration (197)
[2016.09.25-19.16.44:198][198]LogModuleManager: Shutting down and abandoning module IntroTutorials (196)
[2016.09.25-19.16.44:199][198]LogModuleManager: Shutting down and abandoning module EditorLiveStreaming (195)
[2016.09.25-19.16.44:199][198]LogModuleManager: Shutting down and abandoning module IOSPlatformEditor (194)
[2016.09.25-19.16.44:199][198]LogModuleManager: Shutting down and abandoning module HTML5PlatformEditor (193)
[2016.09.25-19.16.44:199][198]LogModuleManager: Shutting down and abandoning module AndroidDeviceDetection (192)
[2016.09.25-19.16.44:894][198]LogModuleManager: Shutting down and abandoning module AndroidPlatformEditor (191)
[2016.09.25-19.16.44:894][198]LogModuleManager: Shutting down and abandoning module IOSRuntimeSettings (190)
[2016.09.25-19.16.44:894][198]LogModuleManager: Shutting down and abandoning module AndroidRuntimeSettings (189)
[2016.09.25-19.16.44:894][198]LogModuleManager: Shutting down and abandoning module NiagaraEditor (188)
[2016.09.25-19.16.44:894][198]LogModuleManager: Shutting down and abandoning module MergeActors (187)
[2016.09.25-19.16.44:894][198]LogModuleManager: Shutting down and abandoning module SizeMap (186)
[2016.09.25-19.16.44:894][198]LogModuleManager: Shutting down and abandoning module TreeMap (185)
[2016.09.25-19.16.44:894][198]LogModuleManager: Shutting down and abandoning module ReferenceViewer (184)
[2016.09.25-19.16.44:894][198]LogModuleManager: Shutting down and abandoning module LocalizationService (183)
[2016.09.25-19.16.44:894][198]LogModuleManager: Shutting down and abandoning module LocalizationDashboard (182)
[2016.09.25-19.16.44:894][198]LogModuleManager: Shutting down and abandoning module HardwareTargeting (181)
[2016.09.25-19.16.44:894][198]LogModuleManager: Shutting down and abandoning module DeviceProfileEditor (180)
[2016.09.25-19.16.44:894][198]LogModuleManager: Shutting down and abandoning module UndoHistory (179)
[2016.09.25-19.16.44:894][198]LogModuleManager: Shutting down and abandoning module UserFeedback (178)
[2016.09.25-19.16.44:894][198]LogModuleManager: Shutting down and abandoning module XmlParser (177)
[2016.09.25-19.16.44:894][198]LogModuleManager: Shutting down and abandoning module Blutility (176)
[2016.09.25-19.16.44:894][198]LogModuleManager: Shutting down and abandoning module ProjectTargetPlatformEditor (175)
[2016.09.25-19.16.44:895][198]LogModuleManager: Shutting down and abandoning module ProjectSettingsViewer (174)
[2016.09.25-19.16.44:895][198]LogModuleManager: Shutting down and abandoning module InputBindingEditor (173)
[2016.09.25-19.16.44:895][198]LogModuleManager: Shutting down and abandoning module EditorSettingsViewer (172)
[2016.09.25-19.16.44:895][198]LogModuleManager: Shutting down and abandoning module SettingsEditor (171)
[2016.09.25-19.16.44:895][198]LogModuleManager: Shutting down and abandoning module ProjectLauncher (170)
[2016.09.25-19.16.44:895][198]LogModuleManager: Shutting down and abandoning module SessionFrontend (169)
[2016.09.25-19.16.44:895][198]LogModuleManager: Shutting down and abandoning module ProfilerClient (168)
[2016.09.25-19.16.44:895][198]LogModuleManager: Shutting down and abandoning module TargetDeviceServices (167)
[2016.09.25-19.16.44:895][198]LogModuleManager: Shutting down and abandoning module DeviceManager (166)
[2016.09.25-19.16.44:945][198]LogModuleManager: Shutting down and abandoning module AutomationController (165)
[2016.09.25-19.16.44:945][198]LogModuleManager: Shutting down and abandoning module AutomationWindow (164)
[2016.09.25-19.16.44:945][198]LogModuleManager: Shutting down and abandoning module Layers (163)
[2016.09.25-19.16.44:945][198]LogModuleManager: Shutting down and abandoning module ComponentVisualizers (162)
[2016.09.25-19.16.44:945][198]LogModuleManager: Shutting down and abandoning module DetailCustomizations (161)
[2016.09.25-19.16.44:945][198]LogModuleManager: Shutting down and abandoning module PackagesDialog (160)
[2016.09.25-19.16.44:945][198]LogModuleManager: Shutting down and abandoning module AnimGraph (159)
[2016.09.25-19.16.44:954][198]LogModuleManager: Shutting down and abandoning module Persona (158)
[2016.09.25-19.16.44:954][198]LogModuleManager: Shutting down and abandoning module Kismet (157)
[2016.09.25-19.16.44:955][198]LogModuleManager: Shutting down and abandoning module GraphEditor (156)
[2016.09.25-19.16.44:955][198]LogModuleManager: Shutting down and abandoning module ClassViewer (155)
[2016.09.25-19.16.44:955][198]LogModuleManager: Shutting down and abandoning module Toolbox (154)
[2016.09.25-19.16.44:955][198]LogModuleManager: Shutting down and abandoning module ModuleUI (153)
[2016.09.25-19.16.44:955][198]LogModuleManager: Shutting down and abandoning module MovieSceneTools (152)
[2016.09.25-19.16.44:955][198]LogModuleManager: Shutting down and abandoning module OutputLog (151)
[2016.09.25-19.16.44:955][198]LogModuleManager: Shutting down and abandoning module GammaUI (150)
[2016.09.25-19.16.44:955][198]LogModuleManager: Shutting down and abandoning module Documentation (149)
[2016.09.25-19.16.44:955][198]LogModuleManager: Shutting down and abandoning module Niagara (148)
[2016.09.25-19.16.44:955][198]LogModuleManager: Shutting down and abandoning module StreamingPauseRendering (147)
[2016.09.25-19.16.44:955][198]LogModuleManager: Shutting down and abandoning module AnalyticsET (146)
[2016.09.25-19.16.44:955][198]LogModuleManager: Shutting down and abandoning module PortalServices (145)
[2016.09.25-19.16.44:955][198]LogModuleManager: Shutting down and abandoning module PortalRpc (144)
[2016.09.25-19.16.44:955][198]LogModuleManager: Shutting down and abandoning module MessagingRpc (143)
[2016.09.25-19.16.44:955][198]LogModuleManager: Shutting down and abandoning module GameplayDebugger (142)
[2016.09.25-19.16.44:955][198]LogModuleManager: Shutting down and abandoning module AITestSuite (141)
[2016.09.25-19.16.44:955][198]LogModuleManager: Shutting down and abandoning module AIModule (140)
[2016.09.25-19.16.44:955][198]LogModuleManager: Shutting down and abandoning module ProfilerService (139)
[2016.09.25-19.16.44:996][198]LogModuleManager: Shutting down and abandoning module TaskGraph (138)
[2016.09.25-19.16.44:996][198]LogModuleManager: Shutting down and abandoning module SlateRemote (137)
[2016.09.25-19.16.44:996][198]LogModuleManager: Shutting down and abandoning module SteamVRController (136)
[2016.09.25-19.16.44:996][198]LogModuleManager: Shutting down and abandoning module SteamVR (135)
[2016.09.25-19.16.44:996][198]LogModuleManager: Shutting down and abandoning module ProceduralMeshComponentEditor (134)
[2016.09.25-19.16.44:996][198]LogModuleManager: Shutting down and abandoning module ProceduralMeshComponent (133)
[2016.09.25-19.16.44:996][198]LogModuleManager: Shutting down and abandoning module OculusLibrary (132)
[2016.09.25-19.16.44:996][198]LogModuleManager: Shutting down and abandoning module OculusInput (131)
[2016.09.25-19.16.44:996][198]LogModuleManager: Shutting down and abandoning module CustomMeshComponent (130)
[2016.09.25-19.16.44:996][198]LogModuleManager: Shutting down and abandoning module CableComponent (129)
[2016.09.25-19.16.44:996][198]LogModuleManager: Shutting down and abandoning module ArchVisCharacter (128)
[2016.09.25-19.16.44:996][198]LogModuleManager: Shutting down and abandoning module MediaPlayerEditor (126)
[2016.09.25-19.16.44:996][198]LogModuleManager: Shutting down and abandoning module HTML5Networking (125)
[2016.09.25-19.16.44:996][198]LogModuleManager: Shutting down and abandoning module GeometryCacheEd (124)
[2016.09.25-19.16.44:996][198]LogModuleManager: Shutting down and abandoning module GeometryCache (123)
[2016.09.25-19.16.44:996][198]LogModuleManager: Shutting down and abandoning module AlembicLibrary (122)
[2016.09.25-19.16.44:996][198]LogModuleManager: Shutting down and abandoning module AlembicImporter (121)
[2016.09.25-19.16.44:996][198]LogModuleManager: Shutting down and abandoning module SuperSearch (120)
[2016.09.25-19.16.44:996][198]LogModuleManager: Shutting down and abandoning module SuperSearchEditor (119)
[2016.09.25-19.16.44:996][198]LogModuleManager: Shutting down and abandoning module SpeedTreeImporter (118)
[2016.09.25-19.16.44:996][198]LogModuleManager: Shutting down and abandoning module PluginBrowser (117)
[2016.09.25-19.16.44:996][198]LogModuleManager: Shutting down and abandoning module MobileLauncherProfileWizard (116)
[2016.09.25-19.16.44:996][198]LogModuleManager: Shutting down and abandoning module EpicSurvey (115)
[2016.09.25-19.16.44:996][198]LogModuleManager: Shutting down and abandoning module DesktopPlatform (114)
[2016.09.25-19.16.44:996][198]LogModuleManager: Shutting down and abandoning module VisualStudioSourceCodeAccess (113)
[2016.09.25-19.16.44:997][198]LogModuleManager: Shutting down and abandoning module UObjectPlugin (112)
[2016.09.25-19.16.44:997][198]LogModuleManager: Shutting down and abandoning module SubversionSourceControl (111)
[2016.09.25-19.16.44:997][198]LogModuleManager: Shutting down and abandoning module PerforceSourceControl (110)
[2016.09.25-19.16.44:997][198]LogModuleManager: Shutting down and abandoning module SourceControl (109)
[2016.09.25-19.16.44:997][198]LogModuleManager: Shutting down and abandoning module GitSourceControl (108)
[2016.09.25-19.16.44:997][198]LogModuleManager: Shutting down and abandoning module LightPropagationVolumeEditor (107)
[2016.09.25-19.16.44:997][198]LogModuleManager: Shutting down and abandoning module PaperTiledImporter (106)
[2016.09.25-19.16.44:997][198]LogModuleManager: Shutting down and abandoning module PaperSpriteSheetImporter (105)
[2016.09.25-19.16.44:997][198]LogModuleManager: Shutting down and abandoning module MeshPaint (104)
[2016.09.25-19.16.44:997][198]LogModuleManager: Shutting down and abandoning module FbxAutomationBuilderModule (103)
[2016.09.25-19.16.44:997][198]LogModuleManager: Shutting down and abandoning module PixelInspectorModule (102)
[2016.09.25-19.16.44:997][198]LogModuleManager: Shutting down and abandoning module HotReload (101)
[2016.09.25-19.16.44:997][198]LogModuleManager: Shutting down and abandoning module MainFrame (100)
[2016.09.25-19.16.44:997][198]LogModuleManager: Shutting down and abandoning module LevelEditor (99)
[2016.09.25-19.16.44:998][198]LogModuleManager: Shutting down and abandoning module ContentBrowser (98)
[2016.09.25-19.16.44:998][198]LogModuleManager: Shutting down and abandoning module Paper2DEditor (97)
[2016.09.25-19.16.44:998][198]LogModuleManager: Shutting down and abandoning module UdpMessaging (96)
[2016.09.25-19.16.45:099][198]LogModuleManager: Shutting down and abandoning module TcpMessaging (95)
[2016.09.25-19.16.45:099][198]LogModuleManager: Shutting down and abandoning module LightPropagationVolumeRuntime (94)
[2016.09.25-19.16.45:099][198]LogModuleManager: Shutting down and abandoning module Paper2D (93)
[2016.09.25-19.16.45:099][198]LogModuleManager: Shutting down and abandoning module WindowsMoviePlayer (92)
[2016.09.25-19.16.45:099][198]LogModuleManager: Shutting down and abandoning module WmfMedia (91)
[2016.09.25-19.16.45:099][198]LogModuleManager: Shutting down and abandoning module MediaAssets (90)
[2016.09.25-19.16.45:099][198]LogModuleManager: Shutting down and abandoning module GameLiveStreaming (89)
[2016.09.25-19.16.45:099][198]LogModuleManager: Shutting down and abandoning module GameplayTagsEditor (88)
[2016.09.25-19.16.45:099][198]LogModuleManager: Shutting down and abandoning module VREditor (87)
[2016.09.25-19.16.45:099][198]LogModuleManager: Shutting down and abandoning module GameplayTasksEditor (86)
[2016.09.25-19.16.45:099][198]LogModuleManager: Shutting down and abandoning module PropertyEditor (85)
[2016.09.25-19.16.45:099][198]LogModuleManager: Shutting down and abandoning module BehaviorTreeEditor (84)
[2016.09.25-19.16.45:099][198]LogModuleManager: Shutting down and abandoning module FunctionalTesting (83)
[2016.09.25-19.16.45:099][198]LogModuleManager: Shutting down and abandoning module CollisionAnalyzer (82)
[2016.09.25-19.16.45:099][198]LogModuleManager: Shutting down and abandoning module Sequencer (81)
[2016.09.25-19.16.45:099][198]LogModuleManager: Shutting down and abandoning module WorkspaceMenuStructure (80)
[2016.09.25-19.16.45:099][198]LogModuleManager: Shutting down and abandoning module MessageLog (79)
[2016.09.25-19.16.45:099][198]LogModuleManager: Shutting down and abandoning module AssetTools (78)
[2016.09.25-19.16.45:100][198]LogModuleManager: Shutting down and abandoning module UMGEditor (77)
[2016.09.25-19.16.45:100][198]LogModuleManager: Shutting down and abandoning module UMG (76)
[2016.09.25-19.16.45:100][198]LogModuleManager: Shutting down and abandoning module SlateReflector (75)
[2016.09.25-19.16.45:100][198]LogModuleManager: Shutting down and abandoning module Slate (74)
[2016.09.25-19.16.45:100][198]LogModuleManager: Shutting down and abandoning module EditorStyle (73)
[2016.09.25-19.16.45:109][198]LogModuleManager: Shutting down and abandoning module SourceCodeAccess (72)
[2016.09.25-19.16.45:109][198]LogModuleManager: Shutting down and abandoning module HeadMountedDisplay (71)
[2016.09.25-19.16.45:109][198]LogModuleManager: Shutting down and abandoning module XAudio2 (70)
[2016.09.25-19.16.45:109][198]LogModuleManager: Shutting down and abandoning module Networking (68)
[2016.09.25-19.16.45:109][198]LogModuleManager: Shutting down and abandoning module Core (67)
[2016.09.25-19.16.45:109][198]LogModuleManager: Shutting down and abandoning module DirectoryWatcher (66)
[2016.09.25-19.16.45:109][198]LogDirectoryWatcher: A directory notification for '../../../Engine/Content/' was aborted.
[2016.09.25-19.16.45:109][198]LogDirectoryWatcher: A directory notification for '../../../../../../Unreal projects/Project Auld/ProjectAuld/Content/' was aborted.
[2016.09.25-19.16.45:110][198]LogDirectoryWatcher: A directory notification for '../../../Engine/Plugins/2D/Paper2D/Content/' was aborted.
[2016.09.25-19.16.45:110][198]LogModuleManager: Shutting down and abandoning module AssetRegistry (65)
[2016.09.25-19.16.45:250][198]LogModuleManager: Shutting down and abandoning module KismetCompiler (64)
[2016.09.25-19.16.45:250][198]LogModuleManager: Shutting down and abandoning module PhysXFormats (63)
[2016.09.25-19.16.45:250][198]LogModuleManager: Shutting down and abandoning module MeshUtilities (62)
[2016.09.25-19.16.45:250][198]LogModuleManager: Shutting down and abandoning module DerivedDataCache (61)
[2016.09.25-19.16.45:667][198]LogDerivedDataCache: Shutdown
[2016.09.25-19.16.45:667][198]LogModuleManager: Shutting down and abandoning module VulkanShaderFormat (60)
[2016.09.25-19.16.45:667][198]LogModuleManager: Shutting down and abandoning module ShaderFormatOpenGL (59)
[2016.09.25-19.16.45:667][198]LogModuleManager: Shutting down and abandoning module ShaderFormatD3D (58)
[2016.09.25-19.16.45:667][198]LogModuleManager: Shutting down and abandoning module MetalShaderFormat (57)
[2016.09.25-19.16.45:667][198]LogModuleManager: Shutting down and abandoning module TextureFormatUncompressed (56)
[2016.09.25-19.16.45:667][198]LogModuleManager: Shutting down and abandoning module TextureFormatPVR (55)
[2016.09.25-19.16.45:667][198]LogModuleManager: Shutting down and abandoning module TextureFormatDXT (54)
[2016.09.25-19.16.45:668][198]LogModuleManager: Shutting down and abandoning module TextureFormatIntelISPCTexComp (53)
[2016.09.25-19.16.45:668][198]LogModuleManager: Shutting down and abandoning module ImageWrapper (52)
[2016.09.25-19.16.45:668][198]LogModuleManager: Shutting down and abandoning module TextureFormatASTC (51)
[2016.09.25-19.16.45:668][198]LogModuleManager: Shutting down and abandoning module TextureFormatAndroid (50)
[2016.09.25-19.16.45:668][198]LogModuleManager: Shutting down and abandoning module AudioFormatOpus (49)
[2016.09.25-19.16.45:668][198]LogModuleManager: Shutting down and abandoning module AudioFormatOgg (48)
[2016.09.25-19.16.45:668][198]LogModuleManager: Shutting down and abandoning module AudioFormatADPCM (47)
[2016.09.25-19.16.45:668][198]LogModuleManager: Shutting down and abandoning module LinuxTargetPlatform (46)
[2016.09.25-19.16.45:668][198]LogModuleManager: Shutting down and abandoning module LinuxServerTargetPlatform (45)
[2016.09.25-19.16.45:669][198]LogModuleManager: Shutting down and abandoning module LinuxNoEditorTargetPlatform (44)
[2016.09.25-19.16.45:669][198]LogModuleManager: Shutting down and abandoning module LinuxClientTargetPlatform (43)
[2016.09.25-19.16.45:669][198]LogModuleManager: Shutting down and abandoning module TVOSTargetPlatform (42)
[2016.09.25-19.16.45:669][198]LogModuleManager: Shutting down and abandoning module Messaging (41)
[2016.09.25-19.16.45:669][198]LogModuleManager: Shutting down and abandoning module IOSTargetPlatform (40)
[2016.09.25-19.16.45:669][198]LogModuleManager: Shutting down and abandoning module HTML5TargetPlatform (39)
[2016.09.25-19.16.45:669][198]LogModuleManager: Shutting down and abandoning module Android_PVRTCTargetPlatform (38)
[2016.09.25-19.16.45:669][198]LogModuleManager: Shutting down and abandoning module Android_MultiTargetPlatform (37)
[2016.09.25-19.16.45:669][198]LogModuleManager: Shutting down and abandoning module Android_ETC2TargetPlatform (36)
[2016.09.25-19.16.45:669][198]LogModuleManager: Shutting down and abandoning module Android_ETC1TargetPlatform (35)
[2016.09.25-19.16.45:669][198]LogModuleManager: Shutting down and abandoning module Android_DXTTargetPlatform (34)
[2016.09.25-19.16.45:669][198]LogModuleManager: Shutting down and abandoning module Android_ATCTargetPlatform (33)
[2016.09.25-19.16.45:669][198]LogModuleManager: Shutting down and abandoning module Android_ASTCTargetPlatform (32)
[2016.09.25-19.16.45:669][198]LogModuleManager: Shutting down and abandoning module AndroidTargetPlatform (31)
[2016.09.25-19.16.45:669][198]LogModuleManager: Shutting down and abandoning module WindowsTargetPlatform (30)
[2016.09.25-19.16.45:669][198]LogModuleManager: Shutting down and abandoning module WindowsServerTargetPlatform (29)
[2016.09.25-19.16.45:669][198]LogModuleManager: Shutting down and abandoning module WindowsNoEditorTargetPlatform (28)
[2016.09.25-19.16.45:669][198]LogModuleManager: Shutting down and abandoning module WindowsClientTargetPlatform (27)
[2016.09.25-19.16.45:669][198]LogModuleManager: Shutting down and abandoning module AllDesktopTargetPlatform (26)
[2016.09.25-19.16.45:669][198]LogModuleManager: Shutting down and abandoning module TargetPlatform (25)
[2016.09.25-19.16.45:669][198]LogModuleManager: Shutting down and abandoning module InputCore (24)
[2016.09.25-19.16.45:669][198]LogModuleManager: Shutting down and abandoning module Settings (23)
[2016.09.25-19.16.45:669][198]LogModuleManager: Shutting down and abandoning module OculusRift (22)
[2016.09.25-19.16.45:669][198]LogModuleManager: Shutting down and abandoning module GearVR (21)
[2016.09.25-19.16.45:669][198]LogModuleManager: Shutting down and abandoning module ExampleDeviceProfileSelector (20)
[2016.09.25-19.16.45:669][198]LogModuleManager: Shutting down and abandoning module OnlineBlueprintSupport (19)
[2016.09.25-19.16.45:669][198]LogModuleManager: Shutting down and abandoning module OnlineSubsystem (17)
[2016.09.25-19.16.45:669][198]LogOnline:Display: Unloading online subsystem: NULL
[2016.09.25-19.16.45:669][198]LogModuleManager: Shutting down and abandoning module HTTP (16)
[2016.09.25-19.16.45:669][198]LogHttp:Display: Http module shutting down, but needs to wait on 1 outstanding Http requests:
[2016.09.25-19.16.45:669][198]LogHttp:Display: 	verb=[POST] url=[https://datarouter.ol.epicgames.com/datarouter/api/v1/public/data?SessionID=%7B9EC216C6-44A8-6A81-0003-2E9DEAAA2DC0%7D&AppID=UEEditor.Rocket.Release&AppVersion=%2B%2BUE4%2BRelease-4.13-CL-3106830&UserID=9cad07774f282366da7d10a56a4e78a9%7C300725134df04a72a7bb0e8839378767%7C430c563e-ec1d-42b7-b61b-c84b2fbd0ee2&AppEnvironment=datacollector-binary&UploadType=eteventstream] status=Processing
[2016.09.25-19.16.45:688][198]LogModuleManager: Shutting down and abandoning module XMPP (15)
[2016.09.25-19.16.45:688][198]LogModuleManager: Shutting down and abandoning module TextureCompressor (14)
[2016.09.25-19.16.45:688][198]LogModuleManager: Shutting down and abandoning module ShaderCore (13)
[2016.09.25-19.16.45:688][198]LogModuleManager: Shutting down and abandoning module Landscape (12)
[2016.09.25-19.16.45:688][198]LogModuleManager: Shutting down and abandoning module SlateRHIRenderer (11)
[2016.09.25-19.16.45:689][198]LogModuleManager: Shutting down and abandoning module OpenGLDrv (10)
[2016.09.25-19.16.45:689][198]LogModuleManager: Shutting down and abandoning module D3D11RHI (9)
[2016.09.25-19.16.45:689][198]LogModuleManager: Shutting down and abandoning module AnimGraphRuntime (8)
[2016.09.25-19.16.45:689][198]LogModuleManager: Shutting down and abandoning module Renderer (7)
[2016.09.25-19.16.45:689][198]LogModuleManager: Shutting down and abandoning module Engine (6)
[2016.09.25-19.16.45:689][198]LogModuleManager: Shutting down and abandoning module CoreUObject (5)
[2016.09.25-19.16.45:689][198]LogModuleManager: Shutting down and abandoning module NetworkFile (4)
[2016.09.25-19.16.45:689][198]LogModuleManager: Shutting down and abandoning module StreamingFile (3)
[2016.09.25-19.16.45:689][198]LogModuleManager: Shutting down and abandoning module SandboxFile (2)
[2016.09.25-19.16.45:689][198]LogModuleManager: Shutting down and abandoning module PakFile (1)
[2016.09.25-19.16.45:690][198]LogExit: Exiting.
[2016.09.25-19.16.45:701][198]Log file closed, 09/25/16 20:16:45
